<?xml version="1.0" encoding="UTF-8"?>
<!-- Generated by org.testng.reporters.JUnitReportReporter -->
<testsuite hostname="DESKTOP-LFJ91SC" failures="0" tests="1" name="com.CucumberOptions.TestRunner" time="16.420" errors="0" timestamp="2022-12-05T12:28:42 IST" skipped="0">
  <testcase classname="com.CucumberOptions.TestRunner" name="runScenario" time="16.420"/>
  <system-out/>
</testsuite> <!-- com.CucumberOptions.TestRunner -->
